[INFO] output of locale.getdefaultlocale(): ('en_US', 'UTF-8')
[INFO] encoding we chose in the end: UTF-8
[INFO] Running command /opt/infer-linux64-v0.17.0/lib/infer/infer/bin/../lib/python/infer.py -j 8 --project-root /home/marioman/Downloads/vlc-android --out /home/marioman/Downloads/vlc-android/infer-out -- ./gradlew clean :medialibrary:assembleDebug :libvlc:assembleDebug :application:resources:assembleDebug :application:television:assembleDebug :application:mediadb:assembleDebug :application:moviepedia:assembleDebug :application:vlc-android:assembleDebug :application:tools:assembleDebug :extension-api:assembleDebug :application:app:assembleDebug :application:live-plot-graph:assembleDebug
[INFO] Path to infer script /opt/infer-linux64-v0.17.0/lib/infer/infer/bin/../lib/python/infer.py (/opt/infer-linux64-v0.17.0/lib/infer/infer/lib/python/infer.py)
[INFO] Platform: Linux-4.15.0-96-generic-x86_64-with-Ubuntu-18.04-bionic
[INFO] PATH=/usr/loacl/include/:/home/marioman/.local/bin:/usr/local/sbin:/usr/local/bin:/usr/sbin:/usr/bin:/sbin:/bin:/usr/games:/usr/local/games:/snap/bin
[INFO] SHELL=/bin/bash
[INFO] PWD=/home/marioman/Downloads/vlc-android
[INFO] Running with:

------------------------------------------------------------
Gradle 5.6.4
------------------------------------------------------------

Build time:   2019-11-01 20:42:00 UTC
Revision:     dd870424f9bd8e195d614dc14bb140f43c22da98

Kotlin:       1.3.41
Groovy:       2.5.4
Ant:          Apache Ant(TM) version 1.9.14 compiled on March 12 2019
JVM:          1.8.0_242 (Private Build 25.242-b08)
OS:           Linux 4.15.0-96-generic amd64


[INFO] Capture phase was successful
